<?xml version="1.0" encoding="UTF-8"?>
<coverage generated="1762084401">
  <project timestamp="1762084401" name="Clover Coverage">
    <package name="Azaharizaman\LaravelUomManagement\Console\Commands">
      <file name="/home/conrad/Dev/azaharizaman/laravel-uom-management/src/Console/Commands/UomConvertCommand.php">
        <class name="Azaharizaman\LaravelUomManagement\Console\Commands\UomConvertCommand" namespace="Azaharizaman\LaravelUomManagement\Console\Commands">
          <metrics complexity="4" methods="1" coveredmethods="1" conditionals="0" coveredconditionals="0" statements="12" coveredstatements="12" elements="13" coveredelements="13"/>
        </class>
        <line num="20" type="method" name="handle" visibility="public" complexity="4" crap="4" count="2"/>
        <line num="22" type="stmt" count="2"/>
        <line num="23" type="stmt" count="2"/>
        <line num="24" type="stmt" count="2"/>
        <line num="25" type="stmt" count="2"/>
        <line num="27" type="stmt" count="2"/>
        <line num="30" type="stmt" count="2"/>
        <line num="31" type="stmt" count="1"/>
        <line num="32" type="stmt" count="1"/>
        <line num="34" type="stmt" count="1"/>
        <line num="37" type="stmt" count="1"/>
        <line num="39" type="stmt" count="1"/>
        <line num="41" type="stmt" count="1"/>
        <metrics loc="44" ncloc="44" classes="1" methods="1" coveredmethods="1" conditionals="0" coveredconditionals="0" statements="12" coveredstatements="12" elements="13" coveredelements="13"/>
      </file>
      <file name="/home/conrad/Dev/azaharizaman/laravel-uom-management/src/Console/Commands/UomListUnitsCommand.php">
        <class name="Azaharizaman\LaravelUomManagement\Console\Commands\UomListUnitsCommand" namespace="Azaharizaman\LaravelUomManagement\Console\Commands">
          <metrics complexity="14" methods="3" coveredmethods="3" conditionals="0" coveredconditionals="0" statements="49" coveredstatements="49" elements="52" coveredelements="52"/>
        </class>
        <line num="20" type="method" name="handle" visibility="public" complexity="9" crap="9" count="4"/>
        <line num="22" type="stmt" count="4"/>
        <line num="23" type="stmt" count="4"/>
        <line num="25" type="stmt" count="4"/>
        <line num="26" type="stmt" count="1"/>
        <line num="28" type="stmt" count="1"/>
        <line num="31" type="stmt" count="3"/>
        <line num="33" type="stmt" count="3"/>
        <line num="34" type="stmt" count="2"/>
        <line num="37" type="stmt" count="3"/>
        <line num="39" type="stmt" count="3"/>
        <line num="40" type="stmt" count="1"/>
        <line num="42" type="stmt" count="1"/>
        <line num="45" type="stmt" count="2"/>
        <line num="46" type="stmt" count="2"/>
        <line num="48" type="stmt" count="2"/>
        <line num="49" type="stmt" count="1"/>
        <line num="52" type="stmt" count="2"/>
        <line num="53" type="stmt" count="2"/>
        <line num="54" type="stmt" count="2"/>
        <line num="55" type="stmt" count="2"/>
        <line num="56" type="stmt" count="2"/>
        <line num="57" type="stmt" count="2"/>
        <line num="58" type="stmt" count="2"/>
        <line num="59" type="stmt" count="2"/>
        <line num="60" type="stmt" count="2"/>
        <line num="62" type="stmt" count="2"/>
        <line num="63" type="stmt" count="1"/>
        <line num="66" type="stmt" count="2"/>
        <line num="67" type="stmt" count="2"/>
        <line num="69" type="stmt" count="2"/>
        <line num="71" type="stmt" count="2"/>
        <line num="74" type="method" name="resolveType" visibility="private" complexity="4" crap="4" count="4"/>
        <line num="76" type="stmt" count="4"/>
        <line num="78" type="stmt" count="4"/>
        <line num="79" type="stmt" count="1"/>
        <line num="82" type="stmt" count="3"/>
        <line num="83" type="stmt" count="2"/>
        <line num="85" type="stmt" count="2"/>
        <line num="86" type="stmt" count="1"/>
        <line num="90" type="stmt" count="3"/>
        <line num="92" type="stmt" count="3"/>
        <line num="93" type="stmt" count="3"/>
        <line num="94" type="stmt" count="3"/>
        <line num="95" type="stmt" count="3"/>
        <line num="98" type="method" name="aliasesForUnit" visibility="private" complexity="1" crap="1" count="1"/>
        <line num="100" type="stmt" count="1"/>
        <line num="101" type="stmt" count="1"/>
        <line num="102" type="stmt" count="1"/>
        <line num="103" type="stmt" count="1"/>
        <line num="104" type="stmt" count="1"/>
        <line num="106" type="stmt" count="1"/>
        <metrics loc="109" ncloc="109" classes="1" methods="3" coveredmethods="3" conditionals="0" coveredconditionals="0" statements="49" coveredstatements="49" elements="52" coveredelements="52"/>
      </file>
      <file name="/home/conrad/Dev/azaharizaman/laravel-uom-management/src/Console/Commands/UomSeedCommand.php">
        <class name="Azaharizaman\LaravelUomManagement\Console\Commands\UomSeedCommand" namespace="Azaharizaman\LaravelUomManagement\Console\Commands">
          <metrics complexity="9" methods="1" coveredmethods="1" conditionals="0" coveredconditionals="0" statements="21" coveredstatements="21" elements="22" coveredelements="22"/>
        </class>
        <line num="16" type="method" name="handle" visibility="public" complexity="9" crap="9" count="4"/>
        <line num="18" type="stmt" count="4"/>
        <line num="19" type="stmt" count="4"/>
        <line num="20" type="stmt" count="4"/>
        <line num="22" type="stmt" count="4"/>
        <line num="24" type="stmt" count="4"/>
        <line num="25" type="stmt" count="1"/>
        <line num="27" type="stmt" count="1"/>
        <line num="30" type="stmt" count="3"/>
        <line num="31" type="stmt" count="1"/>
        <line num="33" type="stmt" count="1"/>
        <line num="36" type="stmt" count="2"/>
        <line num="37" type="stmt" count="2"/>
        <line num="38" type="stmt" count="2"/>
        <line num="40" type="stmt" count="2"/>
        <line num="41" type="stmt" count="1"/>
        <line num="44" type="stmt" count="2"/>
        <line num="45" type="stmt" count="1"/>
        <line num="48" type="stmt" count="2"/>
        <line num="50" type="stmt" count="2"/>
        <line num="52" type="stmt" count="2"/>
        <line num="54" type="stmt" count="2"/>
        <metrics loc="57" ncloc="57" classes="1" methods="1" coveredmethods="1" conditionals="0" coveredconditionals="0" statements="21" coveredstatements="21" elements="22" coveredelements="22"/>
      </file>
    </package>
    <file name="/home/conrad/Dev/azaharizaman/laravel-uom-management/src/Contracts/AliasResolver.php">
      <metrics loc="18" ncloc="15" classes="0" methods="0" coveredmethods="0" conditionals="0" coveredconditionals="0" statements="0" coveredstatements="0" elements="0" coveredelements="0"/>
    </file>
    <file name="/home/conrad/Dev/azaharizaman/laravel-uom-management/src/Contracts/CompoundUnitConverter.php">
      <metrics loc="12" ncloc="12" classes="0" methods="0" coveredmethods="0" conditionals="0" coveredconditionals="0" statements="0" coveredstatements="0" elements="0" coveredelements="0"/>
    </file>
    <file name="/home/conrad/Dev/azaharizaman/laravel-uom-management/src/Contracts/CustomUnitRegistrar.php">
      <metrics loc="17" ncloc="12" classes="0" methods="0" coveredmethods="0" conditionals="0" coveredconditionals="0" statements="0" coveredstatements="0" elements="0" coveredelements="0"/>
    </file>
    <file name="/home/conrad/Dev/azaharizaman/laravel-uom-management/src/Contracts/PackagingCalculator.php">
      <metrics loc="17" ncloc="17" classes="0" methods="0" coveredmethods="0" conditionals="0" coveredconditionals="0" statements="0" coveredstatements="0" elements="0" coveredelements="0"/>
    </file>
    <file name="/home/conrad/Dev/azaharizaman/laravel-uom-management/src/Contracts/UnitConverter.php">
      <metrics loc="38" ncloc="16" classes="0" methods="0" coveredmethods="0" conditionals="0" coveredconditionals="0" statements="0" coveredstatements="0" elements="0" coveredelements="0"/>
    </file>
    <package name="Azaharizaman\LaravelUomManagement\Exceptions">
      <file name="/home/conrad/Dev/azaharizaman/laravel-uom-management/src/Exceptions/ConversionException.php">
        <class name="Azaharizaman\LaravelUomManagement\Exceptions\ConversionException" namespace="Azaharizaman\LaravelUomManagement\Exceptions">
          <metrics complexity="28" methods="18" coveredmethods="18" conditionals="0" coveredconditionals="0" statements="64" coveredstatements="64" elements="82" coveredelements="82"/>
        </class>
        <line num="13" type="method" name="unitNotFound" visibility="public" complexity="1" crap="1" count="3"/>
        <line num="15" type="stmt" count="3"/>
        <line num="18" type="method" name="incompatibleTypes" visibility="public" complexity="1" crap="1" count="2"/>
        <line num="20" type="stmt" count="2"/>
        <line num="21" type="stmt" count="2"/>
        <line num="22" type="stmt" count="2"/>
        <line num="23" type="stmt" count="2"/>
        <line num="24" type="stmt" count="2"/>
        <line num="27" type="method" name="baseUnitMissing" visibility="public" complexity="1" crap="1" count="2"/>
        <line num="29" type="stmt" count="2"/>
        <line num="32" type="method" name="nonLinearConversion" visibility="public" complexity="1" crap="1" count="1"/>
        <line num="34" type="stmt" count="1"/>
        <line num="35" type="stmt" count="1"/>
        <line num="36" type="stmt" count="1"/>
        <line num="37" type="stmt" count="1"/>
        <line num="40" type="method" name="conversionDivisionByZero" visibility="public" complexity="1" crap="1" count="1"/>
        <line num="42" type="stmt" count="1"/>
        <line num="43" type="stmt" count="1"/>
        <line num="44" type="stmt" count="1"/>
        <line num="45" type="stmt" count="1"/>
        <line num="48" type="method" name="unitHasZeroFactor" visibility="public" complexity="1" crap="1" count="1"/>
        <line num="50" type="stmt" count="1"/>
        <line num="51" type="stmt" count="1"/>
        <line num="52" type="stmt" count="1"/>
        <line num="53" type="stmt" count="1"/>
        <line num="56" type="method" name="invalidInput" visibility="public" complexity="2" crap="2" count="4"/>
        <line num="58" type="stmt" count="4"/>
        <line num="60" type="stmt" count="4"/>
        <line num="63" type="method" name="pathNotFound" visibility="public" complexity="1" crap="1" count="1"/>
        <line num="65" type="stmt" count="1"/>
        <line num="66" type="stmt" count="1"/>
        <line num="67" type="stmt" count="1"/>
        <line num="68" type="stmt" count="1"/>
        <line num="69" type="stmt" count="1"/>
        <line num="72" type="method" name="compoundUnitNotFound" visibility="public" complexity="1" crap="1" count="1"/>
        <line num="74" type="stmt" count="1"/>
        <line num="81" type="method" name="compoundStructureMismatch" visibility="public" complexity="7" crap="7" count="2"/>
        <line num="83" type="stmt" count="2"/>
        <line num="84" type="stmt" count="1"/>
        <line num="87" type="stmt" count="2"/>
        <line num="88" type="stmt" count="2"/>
        <line num="90" type="stmt" count="2"/>
        <line num="91" type="stmt" count="2"/>
        <line num="92" type="stmt" count="2"/>
        <line num="93" type="stmt" count="2"/>
        <line num="94" type="stmt" count="2"/>
        <line num="100" type="method" name="compoundComponentMissingType" visibility="public" complexity="4" crap="4" count="3"/>
        <line num="102" type="stmt" count="3"/>
        <line num="103" type="stmt" count="1"/>
        <line num="106" type="stmt" count="2"/>
        <line num="108" type="stmt" count="2"/>
        <line num="109" type="stmt" count="2"/>
        <line num="110" type="stmt" count="2"/>
        <line num="111" type="stmt" count="2"/>
        <line num="114" type="method" name="packagingPathNotFound" visibility="public" complexity="1" crap="1" count="3"/>
        <line num="116" type="stmt" count="3"/>
        <line num="117" type="stmt" count="3"/>
        <line num="118" type="stmt" count="3"/>
        <line num="119" type="stmt" count="3"/>
        <line num="120" type="stmt" count="3"/>
        <line num="123" type="method" name="customUnitConflict" visibility="public" complexity="1" crap="1" count="2"/>
        <line num="125" type="stmt" count="2"/>
        <line num="126" type="stmt" count="2"/>
        <line num="127" type="stmt" count="2"/>
        <line num="128" type="stmt" count="2"/>
        <line num="131" type="method" name="customUnitHasZeroFactor" visibility="public" complexity="1" crap="1" count="1"/>
        <line num="133" type="stmt" count="1"/>
        <line num="134" type="stmt" count="1"/>
        <line num="135" type="stmt" count="1"/>
        <line num="136" type="stmt" count="1"/>
        <line num="139" type="method" name="customUnitNotFound" visibility="public" complexity="1" crap="1" count="2"/>
        <line num="141" type="stmt" count="2"/>
        <line num="144" type="method" name="customFormulaNotAllowed" visibility="public" complexity="1" crap="1" count="1"/>
        <line num="146" type="stmt" count="1"/>
        <line num="149" type="method" name="customConversionHasZeroFactor" visibility="public" complexity="1" crap="1" count="1"/>
        <line num="151" type="stmt" count="1"/>
        <line num="152" type="stmt" count="1"/>
        <line num="153" type="stmt" count="1"/>
        <line num="154" type="stmt" count="1"/>
        <line num="155" type="stmt" count="1"/>
        <line num="158" type="method" name="packagingRecordNotFound" visibility="public" complexity="1" crap="1" count="2"/>
        <line num="160" type="stmt" count="2"/>
        <metrics loc="163" ncloc="156" classes="1" methods="18" coveredmethods="18" conditionals="0" coveredconditionals="0" statements="64" coveredstatements="64" elements="82" coveredelements="82"/>
      </file>
    </package>
    <package name="Azaharizaman\LaravelUomManagement">
      <file name="/home/conrad/Dev/azaharizaman/laravel-uom-management/src/LaravelUomManagementServiceProvider.php">
        <class name="Azaharizaman\LaravelUomManagement\LaravelUomManagementServiceProvider" namespace="Azaharizaman\LaravelUomManagement">
          <metrics complexity="4" methods="3" coveredmethods="3" conditionals="0" coveredconditionals="0" statements="41" coveredstatements="41" elements="44" coveredelements="44"/>
        </class>
        <line num="26" type="method" name="configurePackage" visibility="public" complexity="1" crap="1" count="75"/>
        <line num="28" type="stmt" count="75"/>
        <line num="29" type="stmt" count="75"/>
        <line num="30" type="stmt" count="75"/>
        <line num="31" type="stmt" count="75"/>
        <line num="32" type="stmt" count="75"/>
        <line num="33" type="stmt" count="75"/>
        <line num="34" type="stmt" count="75"/>
        <line num="35" type="stmt" count="75"/>
        <line num="36" type="stmt" count="75"/>
        <line num="39" type="method" name="bootingPackage" visibility="public" complexity="2" crap="2" count="75"/>
        <line num="41" type="stmt" count="75"/>
        <line num="42" type="stmt" count="75"/>
        <line num="43" type="stmt" count="75"/>
        <line num="44" type="stmt" count="75"/>
        <line num="48" type="method" name="registeringPackage" visibility="public" complexity="1" crap="1" count="75"/>
        <line num="50" type="stmt" count="75"/>
        <line num="52" type="stmt" count="75"/>
        <line num="53" type="stmt" count="11"/>
        <line num="54" type="stmt" count="75"/>
        <line num="55" type="stmt" count="75"/>
        <line num="57" type="stmt" count="75"/>
        <line num="58" type="stmt" count="75"/>
        <line num="60" type="stmt" count="75"/>
        <line num="61" type="stmt" count="1"/>
        <line num="62" type="stmt" count="1"/>
        <line num="63" type="stmt" count="1"/>
        <line num="64" type="stmt" count="1"/>
        <line num="65" type="stmt" count="75"/>
        <line num="66" type="stmt" count="75"/>
        <line num="68" type="stmt" count="75"/>
        <line num="69" type="stmt" count="2"/>
        <line num="70" type="stmt" count="2"/>
        <line num="71" type="stmt" count="2"/>
        <line num="72" type="stmt" count="2"/>
        <line num="73" type="stmt" count="75"/>
        <line num="74" type="stmt" count="75"/>
        <line num="76" type="stmt" count="75"/>
        <line num="77" type="stmt" count="3"/>
        <line num="78" type="stmt" count="3"/>
        <line num="79" type="stmt" count="3"/>
        <line num="80" type="stmt" count="3"/>
        <line num="81" type="stmt" count="75"/>
        <line num="82" type="stmt" count="75"/>
        <metrics loc="85" ncloc="85" classes="1" methods="3" coveredmethods="3" conditionals="0" coveredconditionals="0" statements="41" coveredstatements="41" elements="44" coveredelements="44"/>
      </file>
    </package>
    <package name="Azaharizaman\LaravelUomManagement\Models">
      <file name="/home/conrad/Dev/azaharizaman/laravel-uom-management/src/Models/UomAlias.php">
        <class name="Azaharizaman\LaravelUomManagement\Models\UomAlias" namespace="Azaharizaman\LaravelUomManagement\Models">
          <metrics complexity="2" methods="2" coveredmethods="2" conditionals="0" coveredconditionals="0" statements="2" coveredstatements="2" elements="4" coveredelements="4"/>
        </class>
        <line num="25" type="method" name="unit" visibility="public" complexity="1" crap="1" count="7"/>
        <line num="27" type="stmt" count="7"/>
        <line num="30" type="method" name="newFactory" visibility="protected" complexity="1" crap="1" count="6"/>
        <line num="32" type="stmt" count="6"/>
        <metrics loc="35" ncloc="35" classes="1" methods="2" coveredmethods="2" conditionals="0" coveredconditionals="0" statements="2" coveredstatements="2" elements="4" coveredelements="4"/>
      </file>
      <file name="/home/conrad/Dev/azaharizaman/laravel-uom-management/src/Models/UomCompoundComponent.php">
        <class name="Azaharizaman\LaravelUomManagement\Models\UomCompoundComponent" namespace="Azaharizaman\LaravelUomManagement\Models">
          <metrics complexity="3" methods="3" coveredmethods="3" conditionals="0" coveredconditionals="0" statements="3" coveredstatements="3" elements="6" coveredelements="6"/>
        </class>
        <line num="25" type="method" name="compoundUnit" visibility="public" complexity="1" crap="1" count="5"/>
        <line num="27" type="stmt" count="5"/>
        <line num="30" type="method" name="unit" visibility="public" complexity="1" crap="1" count="5"/>
        <line num="32" type="stmt" count="5"/>
        <line num="35" type="method" name="newFactory" visibility="protected" complexity="1" crap="1" count="5"/>
        <line num="37" type="stmt" count="5"/>
        <metrics loc="40" ncloc="40" classes="1" methods="3" coveredmethods="3" conditionals="0" coveredconditionals="0" statements="3" coveredstatements="3" elements="6" coveredelements="6"/>
      </file>
      <file name="/home/conrad/Dev/azaharizaman/laravel-uom-management/src/Models/UomCompoundUnit.php">
        <class name="Azaharizaman\LaravelUomManagement\Models\UomCompoundUnit" namespace="Azaharizaman\LaravelUomManagement\Models">
          <metrics complexity="3" methods="3" coveredmethods="3" conditionals="0" coveredconditionals="0" statements="3" coveredstatements="3" elements="6" coveredelements="6"/>
        </class>
        <line num="26" type="method" name="type" visibility="public" complexity="1" crap="1" count="5"/>
        <line num="28" type="stmt" count="5"/>
        <line num="31" type="method" name="components" visibility="public" complexity="1" crap="1" count="7"/>
        <line num="33" type="stmt" count="7"/>
        <line num="36" type="method" name="newFactory" visibility="protected" complexity="1" crap="1" count="12"/>
        <line num="38" type="stmt" count="12"/>
        <metrics loc="41" ncloc="41" classes="1" methods="3" coveredmethods="3" conditionals="0" coveredconditionals="0" statements="3" coveredstatements="3" elements="6" coveredelements="6"/>
      </file>
      <file name="/home/conrad/Dev/azaharizaman/laravel-uom-management/src/Models/UomConversion.php">
        <class name="Azaharizaman\LaravelUomManagement\Models\UomConversion" namespace="Azaharizaman\LaravelUomManagement\Models">
          <metrics complexity="3" methods="3" coveredmethods="3" conditionals="0" coveredconditionals="0" statements="3" coveredstatements="3" elements="6" coveredelements="6"/>
        </class>
        <line num="28" type="method" name="sourceUnit" visibility="public" complexity="1" crap="1" count="2"/>
        <line num="30" type="stmt" count="2"/>
        <line num="33" type="method" name="targetUnit" visibility="public" complexity="1" crap="1" count="2"/>
        <line num="35" type="stmt" count="2"/>
        <line num="38" type="method" name="newFactory" visibility="protected" complexity="1" crap="1" count="3"/>
        <line num="40" type="stmt" count="3"/>
        <metrics loc="43" ncloc="43" classes="1" methods="3" coveredmethods="3" conditionals="0" coveredconditionals="0" statements="3" coveredstatements="3" elements="6" coveredelements="6"/>
      </file>
      <file name="/home/conrad/Dev/azaharizaman/laravel-uom-management/src/Models/UomConversionLog.php">
        <class name="Azaharizaman\LaravelUomManagement\Models\UomConversionLog" namespace="Azaharizaman\LaravelUomManagement\Models">
          <metrics complexity="4" methods="4" coveredmethods="4" conditionals="0" coveredconditionals="0" statements="4" coveredstatements="4" elements="8" coveredelements="8"/>
        </class>
        <line num="30" type="method" name="sourceUnit" visibility="public" complexity="1" crap="1" count="1"/>
        <line num="32" type="stmt" count="1"/>
        <line num="35" type="method" name="targetUnit" visibility="public" complexity="1" crap="1" count="1"/>
        <line num="37" type="stmt" count="1"/>
        <line num="40" type="method" name="performedBy" visibility="public" complexity="1" crap="1" count="1"/>
        <line num="42" type="stmt" count="1"/>
        <line num="45" type="method" name="newFactory" visibility="protected" complexity="1" crap="1" count="1"/>
        <line num="47" type="stmt" count="1"/>
        <metrics loc="50" ncloc="50" classes="1" methods="4" coveredmethods="4" conditionals="0" coveredconditionals="0" statements="4" coveredstatements="4" elements="8" coveredelements="8"/>
      </file>
      <file name="/home/conrad/Dev/azaharizaman/laravel-uom-management/src/Models/UomCustomConversion.php">
        <class name="Azaharizaman\LaravelUomManagement\Models\UomCustomConversion" namespace="Azaharizaman\LaravelUomManagement\Models">
          <metrics complexity="3" methods="3" coveredmethods="3" conditionals="0" coveredconditionals="0" statements="3" coveredstatements="3" elements="6" coveredelements="6"/>
        </class>
        <line num="28" type="method" name="sourceUnit" visibility="public" complexity="1" crap="1" count="1"/>
        <line num="30" type="stmt" count="1"/>
        <line num="33" type="method" name="targetUnit" visibility="public" complexity="1" crap="1" count="1"/>
        <line num="35" type="stmt" count="1"/>
        <line num="38" type="method" name="newFactory" visibility="protected" complexity="1" crap="1" count="1"/>
        <line num="40" type="stmt" count="1"/>
        <metrics loc="43" ncloc="43" classes="1" methods="3" coveredmethods="3" conditionals="0" coveredconditionals="0" statements="3" coveredstatements="3" elements="6" coveredelements="6"/>
      </file>
      <file name="/home/conrad/Dev/azaharizaman/laravel-uom-management/src/Models/UomCustomUnit.php">
        <class name="Azaharizaman\LaravelUomManagement\Models\UomCustomUnit" namespace="Azaharizaman\LaravelUomManagement\Models">
          <metrics complexity="5" methods="5" coveredmethods="5" conditionals="0" coveredconditionals="0" statements="5" coveredstatements="5" elements="10" coveredelements="10"/>
        </class>
        <line num="28" type="method" name="type" visibility="public" complexity="1" crap="1" count="8"/>
        <line num="30" type="stmt" count="8"/>
        <line num="33" type="method" name="owner" visibility="public" complexity="1" crap="1" count="1"/>
        <line num="35" type="stmt" count="1"/>
        <line num="38" type="method" name="conversionsFrom" visibility="public" complexity="1" crap="1" count="1"/>
        <line num="40" type="stmt" count="1"/>
        <line num="43" type="method" name="conversionsTo" visibility="public" complexity="1" crap="1" count="1"/>
        <line num="45" type="stmt" count="1"/>
        <line num="48" type="method" name="newFactory" visibility="protected" complexity="1" crap="1" count="9"/>
        <line num="50" type="stmt" count="9"/>
        <metrics loc="53" ncloc="53" classes="1" methods="5" coveredmethods="5" conditionals="0" coveredconditionals="0" statements="5" coveredstatements="5" elements="10" coveredelements="10"/>
      </file>
      <file name="/home/conrad/Dev/azaharizaman/laravel-uom-management/src/Models/UomItem.php">
        <class name="Azaharizaman\LaravelUomManagement\Models\UomItem" namespace="Azaharizaman\LaravelUomManagement\Models">
          <metrics complexity="3" methods="3" coveredmethods="3" conditionals="0" coveredconditionals="0" statements="3" coveredstatements="3" elements="6" coveredelements="6"/>
        </class>
        <line num="26" type="method" name="defaultUnit" visibility="public" complexity="1" crap="1" count="1"/>
        <line num="28" type="stmt" count="1"/>
        <line num="31" type="method" name="packagings" visibility="public" complexity="1" crap="1" count="1"/>
        <line num="33" type="stmt" count="1"/>
        <line num="36" type="method" name="newFactory" visibility="protected" complexity="1" crap="1" count="2"/>
        <line num="38" type="stmt" count="2"/>
        <metrics loc="41" ncloc="41" classes="1" methods="3" coveredmethods="3" conditionals="0" coveredconditionals="0" statements="3" coveredstatements="3" elements="6" coveredelements="6"/>
      </file>
      <file name="/home/conrad/Dev/azaharizaman/laravel-uom-management/src/Models/UomItemPackaging.php">
        <class name="Azaharizaman\LaravelUomManagement\Models\UomItemPackaging" namespace="Azaharizaman\LaravelUomManagement\Models">
          <metrics complexity="3" methods="3" coveredmethods="3" conditionals="0" coveredconditionals="0" statements="3" coveredstatements="3" elements="6" coveredelements="6"/>
        </class>
        <line num="24" type="method" name="item" visibility="public" complexity="1" crap="1" count="1"/>
        <line num="26" type="stmt" count="1"/>
        <line num="29" type="method" name="packaging" visibility="public" complexity="1" crap="1" count="1"/>
        <line num="31" type="stmt" count="1"/>
        <line num="34" type="method" name="newFactory" visibility="protected" complexity="1" crap="1" count="1"/>
        <line num="36" type="stmt" count="1"/>
        <metrics loc="39" ncloc="39" classes="1" methods="3" coveredmethods="3" conditionals="0" coveredconditionals="0" statements="3" coveredstatements="3" elements="6" coveredelements="6"/>
      </file>
      <file name="/home/conrad/Dev/azaharizaman/laravel-uom-management/src/Models/UomPackaging.php">
        <class name="Azaharizaman\LaravelUomManagement\Models\UomPackaging" namespace="Azaharizaman\LaravelUomManagement\Models">
          <metrics complexity="4" methods="4" coveredmethods="4" conditionals="0" coveredconditionals="0" statements="4" coveredstatements="4" elements="8" coveredelements="8"/>
        </class>
        <line num="27" type="method" name="baseUnit" visibility="public" complexity="1" crap="1" count="9"/>
        <line num="29" type="stmt" count="9"/>
        <line num="32" type="method" name="packageUnit" visibility="public" complexity="1" crap="1" count="9"/>
        <line num="34" type="stmt" count="9"/>
        <line num="37" type="method" name="itemPackagings" visibility="public" complexity="1" crap="1" count="1"/>
        <line num="39" type="stmt" count="1"/>
        <line num="42" type="method" name="newFactory" visibility="protected" complexity="1" crap="1" count="8"/>
        <line num="44" type="stmt" count="8"/>
        <metrics loc="47" ncloc="47" classes="1" methods="4" coveredmethods="4" conditionals="0" coveredconditionals="0" statements="4" coveredstatements="4" elements="8" coveredelements="8"/>
      </file>
      <file name="/home/conrad/Dev/azaharizaman/laravel-uom-management/src/Models/UomType.php">
        <class name="Azaharizaman\LaravelUomManagement\Models\UomType" namespace="Azaharizaman\LaravelUomManagement\Models">
          <metrics complexity="4" methods="4" coveredmethods="4" conditionals="0" coveredconditionals="0" statements="4" coveredstatements="4" elements="8" coveredelements="8"/>
        </class>
        <line num="24" type="method" name="units" visibility="public" complexity="1" crap="1" count="1"/>
        <line num="26" type="stmt" count="1"/>
        <line num="29" type="method" name="compoundUnits" visibility="public" complexity="1" crap="1" count="1"/>
        <line num="31" type="stmt" count="1"/>
        <line num="34" type="method" name="customUnits" visibility="public" complexity="1" crap="1" count="1"/>
        <line num="36" type="stmt" count="1"/>
        <line num="39" type="method" name="newFactory" visibility="protected" complexity="1" crap="1" count="54"/>
        <line num="41" type="stmt" count="54"/>
        <metrics loc="44" ncloc="44" classes="1" methods="4" coveredmethods="4" conditionals="0" coveredconditionals="0" statements="4" coveredstatements="4" elements="8" coveredelements="8"/>
      </file>
      <file name="/home/conrad/Dev/azaharizaman/laravel-uom-management/src/Models/UomUnit.php">
        <class name="Azaharizaman\LaravelUomManagement\Models\UomUnit" namespace="Azaharizaman\LaravelUomManagement\Models">
          <metrics complexity="12" methods="12" coveredmethods="12" conditionals="0" coveredconditionals="0" statements="12" coveredstatements="12" elements="24" coveredelements="24"/>
        </class>
        <line num="35" type="method" name="type" visibility="public" complexity="1" crap="1" count="18"/>
        <line num="37" type="stmt" count="18"/>
        <line num="40" type="method" name="conversionsFrom" visibility="public" complexity="1" crap="1" count="5"/>
        <line num="42" type="stmt" count="5"/>
        <line num="45" type="method" name="conversionsTo" visibility="public" complexity="1" crap="1" count="1"/>
        <line num="47" type="stmt" count="1"/>
        <line num="50" type="method" name="aliases" visibility="public" complexity="1" crap="1" count="2"/>
        <line num="52" type="stmt" count="2"/>
        <line num="55" type="method" name="groups" visibility="public" complexity="1" crap="1" count="2"/>
        <line num="57" type="stmt" count="2"/>
        <line num="60" type="method" name="compoundComponents" visibility="public" complexity="1" crap="1" count="1"/>
        <line num="62" type="stmt" count="1"/>
        <line num="65" type="method" name="packagingAsBase" visibility="public" complexity="1" crap="1" count="1"/>
        <line num="67" type="stmt" count="1"/>
        <line num="70" type="method" name="packagingAsPackage" visibility="public" complexity="1" crap="1" count="1"/>
        <line num="72" type="stmt" count="1"/>
        <line num="75" type="method" name="conversionLogsAsSource" visibility="public" complexity="1" crap="1" count="1"/>
        <line num="77" type="stmt" count="1"/>
        <line num="80" type="method" name="conversionLogsAsTarget" visibility="public" complexity="1" crap="1" count="1"/>
        <line num="82" type="stmt" count="1"/>
        <line num="85" type="method" name="scopeActive" visibility="public" complexity="1" crap="1" count="1"/>
        <line num="87" type="stmt" count="1"/>
        <line num="90" type="method" name="newFactory" visibility="protected" complexity="1" crap="1" count="36"/>
        <line num="92" type="stmt" count="36"/>
        <metrics loc="95" ncloc="95" classes="1" methods="12" coveredmethods="12" conditionals="0" coveredconditionals="0" statements="12" coveredstatements="12" elements="24" coveredelements="24"/>
      </file>
      <file name="/home/conrad/Dev/azaharizaman/laravel-uom-management/src/Models/UomUnitGroup.php">
        <class name="Azaharizaman\LaravelUomManagement\Models\UomUnitGroup" namespace="Azaharizaman\LaravelUomManagement\Models">
          <metrics complexity="2" methods="2" coveredmethods="2" conditionals="0" coveredconditionals="0" statements="2" coveredstatements="2" elements="4" coveredelements="4"/>
        </class>
        <line num="24" type="method" name="units" visibility="public" complexity="1" crap="1" count="7"/>
        <line num="26" type="stmt" count="7"/>
        <line num="29" type="method" name="newFactory" visibility="protected" complexity="1" crap="1" count="2"/>
        <line num="31" type="stmt" count="2"/>
        <metrics loc="34" ncloc="34" classes="1" methods="2" coveredmethods="2" conditionals="0" coveredconditionals="0" statements="2" coveredstatements="2" elements="4" coveredelements="4"/>
      </file>
    </package>
    <package name="Azaharizaman\LaravelUomManagement\Services">
      <file name="/home/conrad/Dev/azaharizaman/laravel-uom-management/src/Services/DefaultAliasResolver.php">
        <class name="Azaharizaman\LaravelUomManagement\Services\DefaultAliasResolver" namespace="Azaharizaman\LaravelUomManagement\Services">
          <metrics complexity="12" methods="5" coveredmethods="5" conditionals="0" coveredconditionals="0" statements="35" coveredstatements="35" elements="40" coveredelements="40"/>
        </class>
        <line num="18" type="method" name="resolve" visibility="public" complexity="3" crap="3" count="7"/>
        <line num="20" type="stmt" count="7"/>
        <line num="22" type="stmt" count="7"/>
        <line num="23" type="stmt" count="1"/>
        <line num="26" type="stmt" count="7"/>
        <line num="28" type="stmt" count="7"/>
        <line num="29" type="stmt" count="1"/>
        <line num="32" type="stmt" count="7"/>
        <line num="34" type="stmt" count="7"/>
        <line num="37" type="method" name="resolveOrFail" visibility="public" complexity="2" crap="2" count="5"/>
        <line num="39" type="stmt" count="5"/>
        <line num="41" type="stmt" count="5"/>
        <line num="42" type="stmt" count="1"/>
        <line num="45" type="stmt" count="4"/>
        <line num="48" type="method" name="aliasesFor" visibility="public" complexity="3" crap="3" count="2"/>
        <line num="50" type="stmt" count="2"/>
        <line num="51" type="stmt" count="1"/>
        <line num="54" type="stmt" count="2"/>
        <line num="55" type="stmt" count="2"/>
        <line num="56" type="stmt" count="2"/>
        <line num="57" type="stmt" count="2"/>
        <line num="58" type="stmt" count="2"/>
        <line num="59" type="stmt" count="2"/>
        <line num="61" type="stmt" count="2"/>
        <line num="62" type="stmt" count="1"/>
        <line num="65" type="stmt" count="2"/>
        <line num="68" type="method" name="findUnitByCode" visibility="private" complexity="3" crap="3" count="7"/>
        <line num="70" type="stmt" count="7"/>
        <line num="71" type="stmt" count="1"/>
        <line num="72" type="stmt" count="1"/>
        <line num="73" type="stmt" count="1"/>
        <line num="77" type="stmt" count="6"/>
        <line num="78" type="stmt" count="6"/>
        <line num="79" type="stmt" count="6"/>
        <line num="82" type="method" name="findUnitByAlias" visibility="private" complexity="1" crap="1" count="3"/>
        <line num="84" type="stmt" count="3"/>
        <line num="86" type="stmt" count="3"/>
        <line num="87" type="stmt" count="3"/>
        <line num="88" type="stmt" count="3"/>
        <line num="90" type="stmt" count="3"/>
        <metrics loc="93" ncloc="90" classes="1" methods="5" coveredmethods="5" conditionals="0" coveredconditionals="0" statements="35" coveredstatements="35" elements="40" coveredelements="40"/>
      </file>
      <file name="/home/conrad/Dev/azaharizaman/laravel-uom-management/src/Services/DefaultCompoundUnitConverter.php">
        <class name="Azaharizaman\LaravelUomManagement\Services\DefaultCompoundUnitConverter" namespace="Azaharizaman\LaravelUomManagement\Services">
          <metrics complexity="28" methods="7" coveredmethods="7" conditionals="0" coveredconditionals="0" statements="75" coveredstatements="75" elements="82" coveredelements="82"/>
        </class>
        <line num="23" type="method" name="__construct" visibility="public" complexity="1" crap="1" count="10"/>
        <line num="27" type="stmt" count="10"/>
        <line num="28" type="stmt" count="10"/>
        <line num="29" type="stmt" count="10"/>
        <line num="32" type="method" name="convert" visibility="public" complexity="3" crap="3" count="5"/>
        <line num="34" type="stmt" count="5"/>
        <line num="35" type="stmt" count="5"/>
        <line num="37" type="stmt" count="4"/>
        <line num="38" type="stmt" count="2"/>
        <line num="41" type="stmt" count="3"/>
        <line num="42" type="stmt" count="3"/>
        <line num="44" type="stmt" count="3"/>
        <line num="45" type="stmt" count="1"/>
        <line num="48" type="stmt" count="2"/>
        <line num="49" type="stmt" count="2"/>
        <line num="51" type="stmt" count="2"/>
        <line num="52" type="stmt" count="2"/>
        <line num="53" type="stmt" count="2"/>
        <line num="55" type="stmt" count="2"/>
        <line num="56" type="stmt" count="2"/>
        <line num="57" type="stmt" count="2"/>
        <line num="59" type="stmt" count="2"/>
        <line num="62" type="method" name="resolveCompound" visibility="private" complexity="6" crap="6" count="5"/>
        <line num="64" type="stmt" count="5"/>
        <line num="65" type="stmt" count="4"/>
        <line num="68" type="stmt" count="3"/>
        <line num="69" type="stmt" count="1"/>
        <line num="71" type="stmt" count="3"/>
        <line num="72" type="stmt" count="3"/>
        <line num="73" type="stmt" count="3"/>
        <line num="74" type="stmt" count="3"/>
        <line num="75" type="stmt" count="3"/>
        <line num="76" type="stmt" count="3"/>
        <line num="77" type="stmt" count="3"/>
        <line num="78" type="stmt" count="3"/>
        <line num="81" type="stmt" count="3"/>
        <line num="82" type="stmt" count="1"/>
        <line num="85" type="stmt" count="2"/>
        <line num="91" type="method" name="signatureFor" visibility="private" complexity="4" crap="4" count="4"/>
        <line num="93" type="stmt" count="4"/>
        <line num="95" type="stmt" count="4"/>
        <line num="96" type="stmt" count="4"/>
        <line num="98" type="stmt" count="4"/>
        <line num="99" type="stmt" count="1"/>
        <line num="102" type="stmt" count="3"/>
        <line num="103" type="stmt" count="3"/>
        <line num="106" type="stmt" count="3"/>
        <line num="108" type="stmt" count="3"/>
        <line num="111" type="method" name="compoundFactor" visibility="private" complexity="6" crap="6" count="4"/>
        <line num="113" type="stmt" count="4"/>
        <line num="115" type="stmt" count="4"/>
        <line num="116" type="stmt" count="4"/>
        <line num="118" type="stmt" count="4"/>
        <line num="119" type="stmt" count="1"/>
        <line num="122" type="stmt" count="3"/>
        <line num="123" type="stmt" count="3"/>
        <line num="125" type="stmt" count="3"/>
        <line num="126" type="stmt" count="3"/>
        <line num="129" type="stmt" count="3"/>
        <line num="131" type="stmt" count="3"/>
        <line num="132" type="stmt" count="3"/>
        <line num="134" type="stmt" count="3"/>
        <line num="138" type="stmt" count="3"/>
        <line num="141" type="method" name="determineScale" visibility="private" complexity="5" crap="5" count="3"/>
        <line num="143" type="stmt" count="3"/>
        <line num="144" type="stmt" count="2"/>
        <line num="147" type="stmt" count="1"/>
        <line num="149" type="stmt" count="1"/>
        <line num="150" type="stmt" count="1"/>
        <line num="151" type="stmt" count="1"/>
        <line num="152" type="stmt" count="1"/>
        <line num="155" type="stmt" count="1"/>
        <line num="157" type="stmt" count="1"/>
        <line num="158" type="stmt" count="1"/>
        <line num="159" type="stmt" count="1"/>
        <line num="161" type="stmt" count="1"/>
        <line num="164" type="method" name="toBigDecimal" visibility="private" complexity="3" crap="3" count="3"/>
        <line num="166" type="stmt" count="3"/>
        <line num="167" type="stmt" count="1"/>
        <line num="171" type="stmt" count="2"/>
        <line num="172" type="stmt" count="1"/>
        <line num="173" type="stmt" count="1"/>
        <metrics loc="177" ncloc="174" classes="1" methods="7" coveredmethods="7" conditionals="0" coveredconditionals="0" statements="75" coveredstatements="75" elements="82" coveredelements="82"/>
      </file>
      <file name="/home/conrad/Dev/azaharizaman/laravel-uom-management/src/Services/DefaultCustomUnitRegistrar.php">
        <class name="Azaharizaman\LaravelUomManagement\Services\DefaultCustomUnitRegistrar" namespace="Azaharizaman\LaravelUomManagement\Services">
          <metrics complexity="45" methods="11" coveredmethods="9" conditionals="0" coveredconditionals="0" statements="115" coveredstatements="112" elements="126" coveredelements="121"/>
        </class>
        <line num="23" type="method" name="__construct" visibility="public" complexity="1" crap="1" count="18"/>
        <line num="27" type="stmt" count="18"/>
        <line num="28" type="stmt" count="18"/>
        <line num="29" type="stmt" count="18"/>
        <line num="32" type="method" name="register" visibility="public" complexity="1" crap="1" count="16"/>
        <line num="34" type="stmt" count="16"/>
        <line num="36" type="stmt" count="12"/>
        <line num="37" type="stmt" count="12"/>
        <line num="39" type="stmt" count="11"/>
        <line num="41" type="stmt" count="11"/>
        <line num="43" type="stmt" count="8"/>
        <line num="44" type="stmt" count="12"/>
        <line num="51" type="method" name="prepareAttributes" visibility="private" complexity="4" crap="4" count="16"/>
        <line num="53" type="stmt" count="16"/>
        <line num="55" type="stmt" count="16"/>
        <line num="56" type="stmt" count="1"/>
        <line num="59" type="stmt" count="15"/>
        <line num="61" type="stmt" count="15"/>
        <line num="62" type="stmt" count="1"/>
        <line num="65" type="stmt" count="14"/>
        <line num="66" type="stmt" count="14"/>
        <line num="67" type="stmt" count="14"/>
        <line num="68" type="stmt" count="14"/>
        <line num="69" type="stmt" count="14"/>
        <line num="70" type="stmt" count="14"/>
        <line num="71" type="stmt" count="14"/>
        <line num="72" type="stmt" count="14"/>
        <line num="74" type="stmt" count="14"/>
        <line num="75" type="stmt" count="8"/>
        <line num="78" type="stmt" count="12"/>
        <line num="80" type="stmt" count="12"/>
        <line num="81" type="stmt" count="12"/>
        <line num="83" type="stmt" count="12"/>
        <line num="90" type="method" name="resolveOwner" visibility="private" complexity="4" crap="4" count="13"/>
        <line num="92" type="stmt" count="13"/>
        <line num="93" type="stmt" count="1"/>
        <line num="94" type="stmt" count="1"/>
        <line num="95" type="stmt" count="1"/>
        <line num="96" type="stmt" count="1"/>
        <line num="99" type="stmt" count="12"/>
        <line num="100" type="stmt" count="3"/>
        <line num="101" type="stmt" count="3"/>
        <line num="102" type="stmt" count="3"/>
        <line num="103" type="stmt" count="3"/>
        <line num="106" type="stmt" count="9"/>
        <line num="107" type="stmt" count="8"/>
        <line num="108" type="stmt" count="8"/>
        <line num="109" type="stmt" count="8"/>
        <line num="110" type="stmt" count="8"/>
        <line num="113" type="stmt" count="1"/>
        <line num="116" type="method" name="assertCodeIsAvailable" visibility="private" complexity="3" crap="3" count="12"/>
        <line num="118" type="stmt" count="12"/>
        <line num="120" type="stmt" count="12"/>
        <line num="121" type="stmt" count="7"/>
        <line num="123" type="stmt" count="5"/>
        <line num="126" type="stmt" count="12"/>
        <line num="127" type="stmt" count="2"/>
        <line num="134" type="method" name="persistConversions" visibility="private" complexity="12" crap="12" count="11"/>
        <line num="136" type="stmt" count="11"/>
        <line num="137" type="stmt" count="4"/>
        <line num="140" type="stmt" count="8"/>
        <line num="141" type="stmt" count="8"/>
        <line num="142" type="stmt" count="1"/>
        <line num="145" type="stmt" count="8"/>
        <line num="147" type="stmt" count="7"/>
        <line num="148" type="stmt" count="1"/>
        <line num="151" type="stmt" count="6"/>
        <line num="153" type="stmt" count="6"/>
        <line num="154" type="stmt" count="1"/>
        <line num="157" type="stmt" count="5"/>
        <line num="158" type="stmt" count="5"/>
        <line num="159" type="stmt" count="5"/>
        <line num="161" type="stmt" count="5"/>
        <line num="162" type="stmt" count="1"/>
        <line num="165" type="stmt" count="4"/>
        <line num="167" type="stmt" count="4"/>
        <line num="168" type="stmt" count="4"/>
        <line num="169" type="stmt" count="4"/>
        <line num="170" type="stmt" count="4"/>
        <line num="171" type="stmt" count="4"/>
        <line num="172" type="stmt" count="4"/>
        <line num="173" type="stmt" count="4"/>
        <line num="174" type="stmt" count="4"/>
        <line num="175" type="stmt" count="4"/>
        <line num="177" type="stmt" count="4"/>
        <line num="181" type="method" name="resolveTargetUnit" visibility="private" complexity="7" crap="7.08" count="9"/>
        <line num="183" type="stmt" count="9"/>
        <line num="184" type="stmt" count="0"/>
        <line num="187" type="stmt" count="9"/>
        <line num="188" type="stmt" count="1"/>
        <line num="189" type="stmt" count="8"/>
        <line num="190" type="stmt" count="8"/>
        <line num="191" type="stmt" count="8"/>
        <line num="192" type="stmt" count="8"/>
        <line num="193" type="stmt" count="1"/>
        <line num="194" type="stmt" count="8"/>
        <line num="195" type="stmt" count="7"/>
        <line num="196" type="stmt" count="8"/>
        <line num="197" type="stmt" count="8"/>
        <line num="199" type="stmt" count="0"/>
        <line num="202" type="stmt" count="9"/>
        <line num="203" type="stmt" count="2"/>
        <line num="206" type="stmt" count="7"/>
        <line num="209" type="method" name="decimalString" visibility="private" complexity="3" crap="3" count="8"/>
        <line num="211" type="stmt" count="8"/>
        <line num="213" type="stmt" count="7"/>
        <line num="214" type="stmt" count="1"/>
        <line num="217" type="stmt" count="6"/>
        <line num="220" type="method" name="decimalValue" visibility="private" complexity="2" crap="2" count="10"/>
        <line num="223" type="stmt" count="10"/>
        <line num="224" type="stmt" count="1"/>
        <line num="225" type="stmt" count="1"/>
        <line num="229" type="method" name="normalizeOwnerId" visibility="private" complexity="4" crap="4" count="12"/>
        <line num="231" type="stmt" count="12"/>
        <line num="232" type="stmt" count="7"/>
        <line num="235" type="stmt" count="5"/>
        <line num="236" type="stmt" count="5"/>
        <line num="239" type="stmt" count="2"/>
        <line num="242" type="method" name="normaliseMetadata" visibility="private" complexity="4" crap="4.05" count="15"/>
        <line num="244" type="stmt" count="15"/>
        <line num="245" type="stmt" count="13"/>
        <line num="248" type="stmt" count="3"/>
        <line num="249" type="stmt" count="0"/>
        <line num="252" type="stmt" count="3"/>
        <line num="253" type="stmt" count="3"/>
        <line num="256" type="stmt" count="1"/>
        <metrics loc="259" ncloc="248" classes="1" methods="11" coveredmethods="9" conditionals="0" coveredconditionals="0" statements="115" coveredstatements="112" elements="126" coveredelements="121"/>
      </file>
      <file name="/home/conrad/Dev/azaharizaman/laravel-uom-management/src/Services/DefaultPackagingCalculator.php">
        <class name="Azaharizaman\LaravelUomManagement\Services\DefaultPackagingCalculator" namespace="Azaharizaman\LaravelUomManagement\Services">
          <metrics complexity="16" methods="7" coveredmethods="7" conditionals="0" coveredconditionals="0" statements="39" coveredstatements="39" elements="46" coveredelements="46"/>
        </class>
        <line num="21" type="method" name="__construct" visibility="public" complexity="1" crap="1" count="10"/>
        <line num="25" type="stmt" count="10"/>
        <line num="28" type="method" name="resolvePackaging" visibility="public" complexity="4" crap="4" count="3"/>
        <line num="30" type="stmt" count="3"/>
        <line num="31" type="stmt" count="3"/>
        <line num="33" type="stmt" count="3"/>
        <line num="34" type="stmt" count="3"/>
        <line num="35" type="stmt" count="3"/>
        <line num="36" type="stmt" count="3"/>
        <line num="37" type="stmt" count="3"/>
        <line num="39" type="stmt" count="3"/>
        <line num="40" type="stmt" count="1"/>
        <line num="43" type="stmt" count="2"/>
        <line num="46" type="method" name="packagesToBase" visibility="public" complexity="1" crap="1" count="6"/>
        <line num="48" type="stmt" count="6"/>
        <line num="49" type="stmt" count="5"/>
        <line num="50" type="stmt" count="4"/>
        <line num="52" type="stmt" count="4"/>
        <line num="54" type="stmt" count="4"/>
        <line num="57" type="method" name="baseToPackages" visibility="public" complexity="2" crap="2" count="3"/>
        <line num="59" type="stmt" count="3"/>
        <line num="60" type="stmt" count="3"/>
        <line num="61" type="stmt" count="3"/>
        <line num="63" type="stmt" count="3"/>
        <line num="64" type="stmt" count="1"/>
        <line num="67" type="stmt" count="2"/>
        <line num="69" type="stmt" count="2"/>
        <line num="72" type="method" name="resolvePackagingModel" visibility="private" complexity="3" crap="3" count="7"/>
        <line num="74" type="stmt" count="7"/>
        <line num="75" type="stmt" count="5"/>
        <line num="78" type="stmt" count="2"/>
        <line num="79" type="stmt" count="2"/>
        <line num="80" type="stmt" count="2"/>
        <line num="82" type="stmt" count="2"/>
        <line num="83" type="stmt" count="1"/>
        <line num="86" type="stmt" count="1"/>
        <line num="89" type="method" name="toBigDecimal" visibility="private" complexity="3" crap="3" count="6"/>
        <line num="91" type="stmt" count="6"/>
        <line num="92" type="stmt" count="1"/>
        <line num="96" type="stmt" count="5"/>
        <line num="97" type="stmt" count="1"/>
        <line num="98" type="stmt" count="1"/>
        <line num="102" type="method" name="precision" visibility="private" complexity="2" crap="2" count="4"/>
        <line num="104" type="stmt" count="4"/>
        <line num="105" type="stmt" count="2"/>
        <line num="108" type="stmt" count="2"/>
        <metrics loc="111" ncloc="111" classes="1" methods="7" coveredmethods="7" conditionals="0" coveredconditionals="0" statements="39" coveredstatements="39" elements="46" coveredelements="46"/>
      </file>
      <file name="/home/conrad/Dev/azaharizaman/laravel-uom-management/src/Services/DefaultUnitConverter.php">
        <class name="Azaharizaman\LaravelUomManagement\Services\DefaultUnitConverter" namespace="Azaharizaman\LaravelUomManagement\Services">
          <metrics complexity="49" methods="15" coveredmethods="11" conditionals="0" coveredconditionals="0" statements="123" coveredstatements="111" elements="138" coveredelements="122"/>
        </class>
        <line num="27" type="method" name="__construct" visibility="public" complexity="1" crap="1" count="18"/>
        <line num="29" type="stmt" count="18"/>
        <line num="30" type="stmt" count="18"/>
        <line num="31" type="stmt" count="18"/>
        <line num="34" type="method" name="convert" visibility="public" complexity="5" crap="5" count="6"/>
        <line num="36" type="stmt" count="6"/>
        <line num="37" type="stmt" count="6"/>
        <line num="38" type="stmt" count="6"/>
        <line num="39" type="stmt" count="6"/>
        <line num="40" type="stmt" count="6"/>
        <line num="42" type="stmt" count="5"/>
        <line num="43" type="stmt" count="1"/>
        <line num="46" type="stmt" count="4"/>
        <line num="47" type="stmt" count="1"/>
        <line num="50" type="stmt" count="3"/>
        <line num="51" type="stmt" count="2"/>
        <line num="54" type="stmt" count="1"/>
        <line num="57" type="method" name="convertToBase" visibility="public" complexity="1" crap="1" count="6"/>
        <line num="59" type="stmt" count="6"/>
        <line num="60" type="stmt" count="6"/>
        <line num="61" type="stmt" count="6"/>
        <line num="62" type="stmt" count="6"/>
        <line num="63" type="stmt" count="6"/>
        <line num="65" type="stmt" count="6"/>
        <line num="67" type="stmt" count="5"/>
        <line num="70" type="method" name="convertFromBase" visibility="public" complexity="1" crap="1" count="2"/>
        <line num="72" type="stmt" count="2"/>
        <line num="73" type="stmt" count="2"/>
        <line num="74" type="stmt" count="1"/>
        <line num="75" type="stmt" count="1"/>
        <line num="76" type="stmt" count="1"/>
        <line num="78" type="stmt" count="1"/>
        <line num="80" type="stmt" count="1"/>
        <line num="83" type="method" name="attemptDirectConversion" visibility="private" complexity="5" crap="5" count="4"/>
        <line num="85" type="stmt" count="4"/>
        <line num="86" type="stmt" count="4"/>
        <line num="87" type="stmt" count="1"/>
        <line num="88" type="stmt" count="1"/>
        <line num="89" type="stmt" count="1"/>
        <line num="93" type="stmt" count="4"/>
        <line num="94" type="stmt" count="4"/>
        <line num="95" type="stmt" count="1"/>
        <line num="96" type="stmt" count="1"/>
        <line num="97" type="stmt" count="1"/>
        <line num="101" type="stmt" count="3"/>
        <line num="104" type="method" name="applyConversionRecord" visibility="private" complexity="9" crap="10.89" count="1"/>
        <line num="106" type="stmt" count="1"/>
        <line num="107" type="stmt" count="0"/>
        <line num="110" type="stmt" count="1"/>
        <line num="111" type="stmt" count="1"/>
        <line num="112" type="stmt" count="1"/>
        <line num="114" type="stmt" count="1"/>
        <line num="115" type="stmt" count="1"/>
        <line num="116" type="stmt" count="0"/>
        <line num="119" type="stmt" count="1"/>
        <line num="120" type="stmt" count="0"/>
        <line num="123" type="stmt" count="1"/>
        <line num="125" type="stmt" count="1"/>
        <line num="126" type="stmt" count="0"/>
        <line num="129" type="stmt" count="1"/>
        <line num="131" type="stmt" count="1"/>
        <line num="134" type="stmt" count="1"/>
        <line num="135" type="stmt" count="0"/>
        <line num="138" type="stmt" count="1"/>
        <line num="140" type="stmt" count="1"/>
        <line num="141" type="stmt" count="0"/>
        <line num="144" type="stmt" count="1"/>
        <line num="147" type="method" name="convertViaBase" visibility="private" complexity="1" crap="1" count="2"/>
        <line num="149" type="stmt" count="2"/>
        <line num="151" type="stmt" count="2"/>
        <line num="152" type="stmt" count="2"/>
        <line num="154" type="stmt" count="2"/>
        <line num="157" type="method" name="convertUnitToBase" visibility="private" complexity="4" crap="4.02" count="7"/>
        <line num="159" type="stmt" count="7"/>
        <line num="160" type="stmt" count="4"/>
        <line num="163" type="stmt" count="5"/>
        <line num="165" type="stmt" count="5"/>
        <line num="166" type="stmt" count="1"/>
        <line num="169" type="stmt" count="4"/>
        <line num="171" type="stmt" count="4"/>
        <line num="173" type="stmt" count="4"/>
        <line num="174" type="stmt" count="0"/>
        <line num="177" type="stmt" count="4"/>
        <line num="180" type="method" name="convertBaseToUnit" visibility="private" complexity="4" crap="4.32" count="2"/>
        <line num="182" type="stmt" count="2"/>
        <line num="183" type="stmt" count="0"/>
        <line num="186" type="stmt" count="2"/>
        <line num="187" type="stmt" count="2"/>
        <line num="189" type="stmt" count="2"/>
        <line num="190" type="stmt" count="0"/>
        <line num="193" type="stmt" count="2"/>
        <line num="195" type="stmt" count="2"/>
        <line num="196" type="stmt" count="0"/>
        <line num="199" type="stmt" count="2"/>
        <line num="201" type="stmt" count="2"/>
        <line num="204" type="method" name="resolveUnit" visibility="private" complexity="4" crap="4.13" count="11"/>
        <line num="206" type="stmt" count="11"/>
        <line num="207" type="stmt" count="8"/>
        <line num="210" type="stmt" count="5"/>
        <line num="211" type="stmt" count="5"/>
        <line num="213" type="stmt" count="5"/>
        <line num="214" type="stmt" count="0"/>
        <line num="217" type="stmt" count="5"/>
        <line num="219" type="stmt" count="5"/>
        <line num="220" type="stmt" count="0"/>
        <line num="223" type="stmt" count="5"/>
        <line num="226" type="method" name="getBaseUnitForType" visibility="private" complexity="3" crap="3" count="8"/>
        <line num="228" type="stmt" count="8"/>
        <line num="229" type="stmt" count="8"/>
        <line num="230" type="stmt" count="8"/>
        <line num="231" type="stmt" count="8"/>
        <line num="232" type="stmt" count="8"/>
        <line num="234" type="stmt" count="8"/>
        <line num="235" type="stmt" count="1"/>
        <line num="238" type="stmt" count="7"/>
        <line num="241" type="stmt" count="7"/>
        <line num="244" type="method" name="determineScale" visibility="private" complexity="3" crap="3" count="10"/>
        <line num="246" type="stmt" count="10"/>
        <line num="247" type="stmt" count="6"/>
        <line num="250" type="stmt" count="5"/>
        <line num="251" type="stmt" count="5"/>
        <line num="252" type="stmt" count="5"/>
        <line num="253" type="stmt" count="5"/>
        <line num="255" type="stmt" count="5"/>
        <line num="257" type="stmt" count="5"/>
        <line num="259" type="stmt" count="5"/>
        <line num="262" type="method" name="intermediateScale" visibility="private" complexity="1" crap="1" count="10"/>
        <line num="264" type="stmt" count="10"/>
        <line num="267" type="method" name="toBigDecimal" visibility="private" complexity="3" crap="3" count="10"/>
        <line num="269" type="stmt" count="10"/>
        <line num="270" type="stmt" count="3"/>
        <line num="274" type="stmt" count="10"/>
        <line num="275" type="stmt" count="1"/>
        <line num="276" type="stmt" count="1"/>
        <line num="280" type="method" name="isSameUnit" visibility="private" complexity="4" crap="4" count="5"/>
        <line num="282" type="stmt" count="5"/>
        <line num="283" type="stmt" count="1"/>
        <line num="286" type="stmt" count="4"/>
        <metrics loc="289" ncloc="286" classes="1" methods="15" coveredmethods="11" conditionals="0" coveredconditionals="0" statements="123" coveredstatements="111" elements="138" coveredelements="122"/>
      </file>
    </package>
    <package name="Azaharizaman\LaravelUomManagement\Support">
      <file name="/home/conrad/Dev/azaharizaman/laravel-uom-management/src/Support/UnitConversion.php">
        <class name="Azaharizaman\LaravelUomManagement\Support\UnitConversion" namespace="Azaharizaman\LaravelUomManagement\Support">
          <metrics complexity="3" methods="3" coveredmethods="3" conditionals="0" coveredconditionals="0" statements="3" coveredstatements="3" elements="6" coveredelements="6"/>
        </class>
        <line num="14" type="method" name="convert" visibility="public" complexity="1" crap="1" count="1"/>
        <line num="16" type="stmt" count="1"/>
        <line num="19" type="method" name="toBase" visibility="public" complexity="1" crap="1" count="1"/>
        <line num="21" type="stmt" count="1"/>
        <line num="24" type="method" name="fromBase" visibility="public" complexity="1" crap="1" count="1"/>
        <line num="26" type="stmt" count="1"/>
        <metrics loc="29" ncloc="26" classes="1" methods="3" coveredmethods="3" conditionals="0" coveredconditionals="0" statements="3" coveredstatements="3" elements="6" coveredelements="6"/>
      </file>
    </package>
    <metrics files="29" loc="2123" ncloc="2063" classes="24" methods="125" coveredmethods="119" conditionals="0" coveredconditionals="0" statements="628" coveredstatements="613" elements="753" coveredelements="732"/>
  </project>
</coverage>
